<?xml version="1.0" encoding="UTF-8"?>
<testng-results skipped="0" failed="2" ignored="15" total="21" passed="4">
  <reporter-output>
  </reporter-output>
  <suite name="Suite1" duration-ms="194540" started-at="2018-09-22T08:37:43Z" finished-at="2018-09-22T08:40:58Z">
    <groups>
    </groups>
    <test name="xyz" duration-ms="194540" started-at="2018-09-22T08:37:43Z" finished-at="2018-09-22T08:40:58Z">
      <class name="com.quovantis.quarcmobile.testcases.M_Login">
        <test-method status="PASS" signature="report_method()[pri:0, instance:com.quovantis.quarcmobile.testcases.M_Login@b7dd107]" name="report_method" is-config="true" duration-ms="224" started-at="2018-09-22T14:07:43Z" finished-at="2018-09-22T14:07:43Z">
          <reporter-output>
          </reporter-output>
        </test-method> <!-- report_method -->
        <test-method status="PASS" signature="beforeCallingAnyTestCase()[pri:0, instance:com.quovantis.quarcmobile.testcases.M_Login@b7dd107]" name="beforeCallingAnyTestCase" is-config="true" duration-ms="36897" started-at="2018-09-22T14:07:43Z" finished-at="2018-09-22T14:08:20Z">
          <reporter-output>
          </reporter-output>
        </test-method> <!-- beforeCallingAnyTestCase -->
        <test-method status="PASS" signature="QuarcMobile_Login()[pri:0, instance:com.quovantis.quarcmobile.testcases.M_Login@b7dd107]" name="QuarcMobile_Login" duration-ms="56280" started-at="2018-09-22T14:08:20Z" finished-at="2018-09-22T14:09:17Z">
          <reporter-output>
          </reporter-output>
        </test-method> <!-- QuarcMobile_Login -->
        <test-method status="PASS" signature="af()[pri:0, instance:com.quovantis.quarcmobile.testcases.M_Login@b7dd107]" name="af" is-config="true" duration-ms="1" started-at="2018-09-22T14:10:58Z" finished-at="2018-09-22T14:10:58Z">
          <reporter-output>
          </reporter-output>
        </test-method> <!-- af -->
      </class> <!-- com.quovantis.quarcmobile.testcases.M_Login -->
      <class name="com.quovantis.quarcmobile.testcases.M_Messages">
        <test-method status="FAIL" signature="QuarcMobile_Messages()[pri:0, instance:com.quovantis.quarcmobile.testcases.M_Messages@52f759d7]" name="QuarcMobile_Messages" duration-ms="20151" started-at="2018-09-22T14:09:29Z" finished-at="2018-09-22T14:09:49Z">
          <exception class="org.openqa.selenium.NoSuchElementException">
            <message>
              <![CDATA[An element could not be located on the page using the given search parameters.For documentation on this error, please visit: http://seleniumhq.org/exceptions/no_such_element.htmlBuild info: version: '3.12.0', revision: '7c6e0b3', time: '2018-05-08T14:04:26.12Z'System info: host: 'AMANM-L', ip: '192.168.0.32', os.name: 'Windows 8.1', os.arch: 'amd64', os.version: '6.3', java.version: '1.8.0_144'Driver info: io.appium.java_client.android.AndroidDriverCapabilities {appActivity: md559757f7a6ca97240271b03e7..., appPackage: medarchon.quarc.messaging.a..., databaseEnabled: false, desired: {appActivity: md559757f7a6ca97240271b03e7..., appPackage: medarchon.quarc.messaging.a..., deviceName: Quarc_Android, platformName: android, version: 7.1.1}, deviceManufacturer: Google, deviceModel: Android SDK built for x86, deviceName: emulator-5554, deviceScreenSize: 1080x1920, deviceUDID: emulator-5554, javascriptEnabled: true, locationContextEnabled: false, networkConnectionEnabled: true, platform: LINUX, platformName: LINUX, platformVersion: 7.1.1, takesScreenshot: true, version: 7.1.1, warnings: {}, webStorageEnabled: false}Session ID: 2135755e-19e3-4541-aea6-ea726597f954*** Element info: {Using=xpath, value=//android.widget.TextView[@text='Edit']}]]>
            </message>
            <full-stacktrace>
              <![CDATA[org.openqa.selenium.NoSuchElementException: An element could not be located on the page using the given search parameters.For documentation on this error, please visit: http://seleniumhq.org/exceptions/no_such_element.htmlBuild info: version: '3.12.0', revision: '7c6e0b3', time: '2018-05-08T14:04:26.12Z'System info: host: 'AMANM-L', ip: '192.168.0.32', os.name: 'Windows 8.1', os.arch: 'amd64', os.version: '6.3', java.version: '1.8.0_144'Driver info: io.appium.java_client.android.AndroidDriverCapabilities {appActivity: md559757f7a6ca97240271b03e7..., appPackage: medarchon.quarc.messaging.a..., databaseEnabled: false, desired: {appActivity: md559757f7a6ca97240271b03e7..., appPackage: medarchon.quarc.messaging.a..., deviceName: Quarc_Android, platformName: android, version: 7.1.1}, deviceManufacturer: Google, deviceModel: Android SDK built for x86, deviceName: emulator-5554, deviceScreenSize: 1080x1920, deviceUDID: emulator-5554, javascriptEnabled: true, locationContextEnabled: false, networkConnectionEnabled: true, platform: LINUX, platformName: LINUX, platformVersion: 7.1.1, takesScreenshot: true, version: 7.1.1, warnings: {}, webStorageEnabled: false}Session ID: 2135755e-19e3-4541-aea6-ea726597f954*** Element info: {Using=xpath, value=//android.widget.TextView[@text='Edit']}at sun.reflect.NativeConstructorAccessorImpl.newInstance0(Native Method)at sun.reflect.NativeConstructorAccessorImpl.newInstance(NativeConstructorAccessorImpl.java:62)at sun.reflect.DelegatingConstructorAccessorImpl.newInstance(DelegatingConstructorAccessorImpl.java:45)at java.lang.reflect.Constructor.newInstance(Constructor.java:423)at org.openqa.selenium.remote.http.W3CHttpResponseCodec.createException(W3CHttpResponseCodec.java:187)at org.openqa.selenium.remote.http.W3CHttpResponseCodec.decode(W3CHttpResponseCodec.java:122)at org.openqa.selenium.remote.http.W3CHttpResponseCodec.decode(W3CHttpResponseCodec.java:49)at org.openqa.selenium.remote.HttpCommandExecutor.execute(HttpCommandExecutor.java:158)at io.appium.java_client.remote.AppiumCommandExecutor.execute(AppiumCommandExecutor.java:218)at org.openqa.selenium.remote.RemoteWebDriver.execute(RemoteWebDriver.java:543)at io.appium.java_client.DefaultGenericMobileDriver.execute(DefaultGenericMobileDriver.java:42)at io.appium.java_client.AppiumDriver.execute(AppiumDriver.java:1)at io.appium.java_client.android.AndroidDriver.execute(AndroidDriver.java:1)at org.openqa.selenium.remote.RemoteWebDriver.findElement(RemoteWebDriver.java:317)at io.appium.java_client.DefaultGenericMobileDriver.findElement(DefaultGenericMobileDriver.java:62)at io.appium.java_client.AppiumDriver.findElement(AppiumDriver.java:1)at io.appium.java_client.android.AndroidDriver.findElement(AndroidDriver.java:1)at org.openqa.selenium.remote.RemoteWebDriver.findElementByXPath(RemoteWebDriver.java:419)at io.appium.java_client.DefaultGenericMobileDriver.findElementByXPath(DefaultGenericMobileDriver.java:152)at io.appium.java_client.AppiumDriver.findElementByXPath(AppiumDriver.java:1)at io.appium.java_client.android.AndroidDriver.findElementByXPath(AndroidDriver.java:1)at org.openqa.selenium.By$ByXPath.findElement(By.java:353)at org.openqa.selenium.remote.RemoteWebDriver.findElement(RemoteWebDriver.java:309)at io.appium.java_client.DefaultGenericMobileDriver.findElement(DefaultGenericMobileDriver.java:58)at io.appium.java_client.AppiumDriver.findElement(AppiumDriver.java:1)at io.appium.java_client.android.AndroidDriver.findElement(AndroidDriver.java:1)at org.openqa.selenium.support.pagefactory.DefaultElementLocator.findElement(DefaultElementLocator.java:69)at org.openqa.selenium.support.pagefactory.internal.LocatingElementHandler.invoke(LocatingElementHandler.java:38)at com.sun.proxy.$Proxy10.click(Unknown Source)at com.quovantis.quarcmobile.pagemodules.M_Messages_Modules.validateEditMessage(M_Messages_Modules.java:40)at com.quovantis.quarcmobile.testcases.M_Messages.QuarcMobile_Messages(M_Messages.java:17)at sun.reflect.NativeMethodAccessorImpl.invoke0(Native Method)at sun.reflect.NativeMethodAccessorImpl.invoke(NativeMethodAccessorImpl.java:62)at sun.reflect.DelegatingMethodAccessorImpl.invoke(DelegatingMethodAccessorImpl.java:43)at java.lang.reflect.Method.invoke(Method.java:498)at org.testng.internal.MethodInvocationHelper.invokeMethod(MethodInvocationHelper.java:124)at org.testng.internal.Invoker.invokeMethod(Invoker.java:571)at org.testng.internal.Invoker.invokeTestMethod(Invoker.java:707)at org.testng.internal.Invoker.invokeTestMethods(Invoker.java:979)at org.testng.internal.TestMethodWorker.invokeTestMethods(TestMethodWorker.java:125)at org.testng.internal.TestMethodWorker.run(TestMethodWorker.java:109)at org.testng.TestRunner.privateRun(TestRunner.java:648)at org.testng.TestRunner.run(TestRunner.java:505)at org.testng.SuiteRunner.runTest(SuiteRunner.java:455)at org.testng.SuiteRunner.runSequentially(SuiteRunner.java:450)at org.testng.SuiteRunner.privateRun(SuiteRunner.java:415)at org.testng.SuiteRunner.run(SuiteRunner.java:364)at org.testng.SuiteRunnerWorker.runSuite(SuiteRunnerWorker.java:52)at org.testng.SuiteRunnerWorker.run(SuiteRunnerWorker.java:84)at org.testng.TestNG.runSuitesSequentially(TestNG.java:1187)at org.testng.TestNG.runSuitesLocally(TestNG.java:1116)at org.testng.TestNG.runSuites(TestNG.java:1028)at org.testng.TestNG.run(TestNG.java:996)at org.testng.remote.AbstractRemoteTestNG.run(AbstractRemoteTestNG.java:114)at org.testng.remote.RemoteTestNG.initAndRun(RemoteTestNG.java:251)at org.testng.remote.RemoteTestNG.main(RemoteTestNG.java:77)]]>
            </full-stacktrace>
          </exception> <!-- org.openqa.selenium.NoSuchElementException -->
          <reporter-output>
          </reporter-output>
        </test-method> <!-- QuarcMobile_Messages -->
      </class> <!-- com.quovantis.quarcmobile.testcases.M_Messages -->
      <class name="com.quovantis.quarcmobile.testcases.M_CreatePIN">
        <test-method status="PASS" signature="QuarcMobile_CreatePIN()[pri:0, instance:com.quovantis.quarcmobile.testcases.M_CreatePIN@42eca56e]" name="QuarcMobile_CreatePIN" duration-ms="11956" started-at="2018-09-22T14:09:17Z" finished-at="2018-09-22T14:09:29Z">
          <reporter-output>
          </reporter-output>
        </test-method> <!-- QuarcMobile_CreatePIN -->
      </class> <!-- com.quovantis.quarcmobile.testcases.M_CreatePIN -->
      <class name="com.quovantis.quarcmobile.testcases.M_Preferences">
        <test-method status="FAIL" signature="QuarcMobile_Preferences()[pri:0, instance:com.quovantis.quarcmobile.testcases.M_Preferences@3ecd23d9]" name="QuarcMobile_Preferences" duration-ms="30181" started-at="2018-09-22T14:10:28Z" finished-at="2018-09-22T14:10:58Z">
          <exception class="org.openqa.selenium.NoSuchElementException">
            <message>
              <![CDATA[An element could not be located on the page using the given search parameters.For documentation on this error, please visit: http://seleniumhq.org/exceptions/no_such_element.htmlBuild info: version: '3.12.0', revision: '7c6e0b3', time: '2018-05-08T14:04:26.12Z'System info: host: 'AMANM-L', ip: '192.168.0.32', os.name: 'Windows 8.1', os.arch: 'amd64', os.version: '6.3', java.version: '1.8.0_144'Driver info: io.appium.java_client.android.AndroidDriverCapabilities {appActivity: md559757f7a6ca97240271b03e7..., appPackage: medarchon.quarc.messaging.a..., databaseEnabled: false, desired: {appActivity: md559757f7a6ca97240271b03e7..., appPackage: medarchon.quarc.messaging.a..., deviceName: Quarc_Android, platformName: android, version: 7.1.1}, deviceManufacturer: Google, deviceModel: Android SDK built for x86, deviceName: emulator-5554, deviceScreenSize: 1080x1920, deviceUDID: emulator-5554, javascriptEnabled: true, locationContextEnabled: false, networkConnectionEnabled: true, platform: LINUX, platformName: LINUX, platformVersion: 7.1.1, takesScreenshot: true, version: 7.1.1, warnings: {}, webStorageEnabled: false}Session ID: 2135755e-19e3-4541-aea6-ea726597f954*** Element info: {Using=xpath, value=//android.widget.Button[@text='Log out']}]]>
            </message>
            <full-stacktrace>
              <![CDATA[org.openqa.selenium.NoSuchElementException: An element could not be located on the page using the given search parameters.For documentation on this error, please visit: http://seleniumhq.org/exceptions/no_such_element.htmlBuild info: version: '3.12.0', revision: '7c6e0b3', time: '2018-05-08T14:04:26.12Z'System info: host: 'AMANM-L', ip: '192.168.0.32', os.name: 'Windows 8.1', os.arch: 'amd64', os.version: '6.3', java.version: '1.8.0_144'Driver info: io.appium.java_client.android.AndroidDriverCapabilities {appActivity: md559757f7a6ca97240271b03e7..., appPackage: medarchon.quarc.messaging.a..., databaseEnabled: false, desired: {appActivity: md559757f7a6ca97240271b03e7..., appPackage: medarchon.quarc.messaging.a..., deviceName: Quarc_Android, platformName: android, version: 7.1.1}, deviceManufacturer: Google, deviceModel: Android SDK built for x86, deviceName: emulator-5554, deviceScreenSize: 1080x1920, deviceUDID: emulator-5554, javascriptEnabled: true, locationContextEnabled: false, networkConnectionEnabled: true, platform: LINUX, platformName: LINUX, platformVersion: 7.1.1, takesScreenshot: true, version: 7.1.1, warnings: {}, webStorageEnabled: false}Session ID: 2135755e-19e3-4541-aea6-ea726597f954*** Element info: {Using=xpath, value=//android.widget.Button[@text='Log out']}at sun.reflect.NativeConstructorAccessorImpl.newInstance0(Native Method)at sun.reflect.NativeConstructorAccessorImpl.newInstance(NativeConstructorAccessorImpl.java:62)at sun.reflect.DelegatingConstructorAccessorImpl.newInstance(DelegatingConstructorAccessorImpl.java:45)at java.lang.reflect.Constructor.newInstance(Constructor.java:423)at org.openqa.selenium.remote.http.W3CHttpResponseCodec.createException(W3CHttpResponseCodec.java:187)at org.openqa.selenium.remote.http.W3CHttpResponseCodec.decode(W3CHttpResponseCodec.java:122)at org.openqa.selenium.remote.http.W3CHttpResponseCodec.decode(W3CHttpResponseCodec.java:49)at org.openqa.selenium.remote.HttpCommandExecutor.execute(HttpCommandExecutor.java:158)at io.appium.java_client.remote.AppiumCommandExecutor.execute(AppiumCommandExecutor.java:218)at org.openqa.selenium.remote.RemoteWebDriver.execute(RemoteWebDriver.java:543)at io.appium.java_client.DefaultGenericMobileDriver.execute(DefaultGenericMobileDriver.java:42)at io.appium.java_client.AppiumDriver.execute(AppiumDriver.java:1)at io.appium.java_client.android.AndroidDriver.execute(AndroidDriver.java:1)at org.openqa.selenium.remote.RemoteWebDriver.findElement(RemoteWebDriver.java:317)at io.appium.java_client.DefaultGenericMobileDriver.findElement(DefaultGenericMobileDriver.java:62)at io.appium.java_client.AppiumDriver.findElement(AppiumDriver.java:1)at io.appium.java_client.android.AndroidDriver.findElement(AndroidDriver.java:1)at org.openqa.selenium.remote.RemoteWebDriver.findElementByXPath(RemoteWebDriver.java:419)at io.appium.java_client.DefaultGenericMobileDriver.findElementByXPath(DefaultGenericMobileDriver.java:152)at io.appium.java_client.AppiumDriver.findElementByXPath(AppiumDriver.java:1)at io.appium.java_client.android.AndroidDriver.findElementByXPath(AndroidDriver.java:1)at org.openqa.selenium.By$ByXPath.findElement(By.java:353)at org.openqa.selenium.remote.RemoteWebDriver.findElement(RemoteWebDriver.java:309)at io.appium.java_client.DefaultGenericMobileDriver.findElement(DefaultGenericMobileDriver.java:58)at io.appium.java_client.AppiumDriver.findElement(AppiumDriver.java:1)at io.appium.java_client.android.AndroidDriver.findElement(AndroidDriver.java:1)at org.openqa.selenium.support.pagefactory.DefaultElementLocator.findElement(DefaultElementLocator.java:69)at org.openqa.selenium.support.pagefactory.internal.LocatingElementHandler.invoke(LocatingElementHandler.java:38)at com.sun.proxy.$Proxy10.getText(Unknown Source)at com.quovantis.quarcmobile.pagemodules.M_Preferences_Modules.validatePreferences(M_Preferences_Modules.java:92)at com.quovantis.quarcmobile.testcases.M_Preferences.QuarcMobile_Preferences(M_Preferences.java:17)at sun.reflect.NativeMethodAccessorImpl.invoke0(Native Method)at sun.reflect.NativeMethodAccessorImpl.invoke(NativeMethodAccessorImpl.java:62)at sun.reflect.DelegatingMethodAccessorImpl.invoke(DelegatingMethodAccessorImpl.java:43)at java.lang.reflect.Method.invoke(Method.java:498)at org.testng.internal.MethodInvocationHelper.invokeMethod(MethodInvocationHelper.java:124)at org.testng.internal.Invoker.invokeMethod(Invoker.java:571)at org.testng.internal.Invoker.invokeTestMethod(Invoker.java:707)at org.testng.internal.Invoker.invokeTestMethods(Invoker.java:979)at org.testng.internal.TestMethodWorker.invokeTestMethods(TestMethodWorker.java:125)at org.testng.internal.TestMethodWorker.run(TestMethodWorker.java:109)at org.testng.TestRunner.privateRun(TestRunner.java:648)at org.testng.TestRunner.run(TestRunner.java:505)at org.testng.SuiteRunner.runTest(SuiteRunner.java:455)at org.testng.SuiteRunner.runSequentially(SuiteRunner.java:450)at org.testng.SuiteRunner.privateRun(SuiteRunner.java:415)at org.testng.SuiteRunner.run(SuiteRunner.java:364)at org.testng.SuiteRunnerWorker.runSuite(SuiteRunnerWorker.java:52)at org.testng.SuiteRunnerWorker.run(SuiteRunnerWorker.java:84)at org.testng.TestNG.runSuitesSequentially(TestNG.java:1187)at org.testng.TestNG.runSuitesLocally(TestNG.java:1116)at org.testng.TestNG.runSuites(TestNG.java:1028)at org.testng.TestNG.run(TestNG.java:996)at org.testng.remote.AbstractRemoteTestNG.run(AbstractRemoteTestNG.java:114)at org.testng.remote.RemoteTestNG.initAndRun(RemoteTestNG.java:251)at org.testng.remote.RemoteTestNG.main(RemoteTestNG.java:77)]]>
            </full-stacktrace>
          </exception> <!-- org.openqa.selenium.NoSuchElementException -->
          <reporter-output>
          </reporter-output>
        </test-method> <!-- QuarcMobile_Preferences -->
      </class> <!-- com.quovantis.quarcmobile.testcases.M_Preferences -->
      <class name="com.quovantis.quarcmobile.testcases.M_Patients">
        <test-method status="PASS" signature="QuarcMobile_Patients()[pri:0, instance:com.quovantis.quarcmobile.testcases.M_Patients@192d3247]" name="QuarcMobile_Patients" duration-ms="5304" started-at="2018-09-22T14:10:22Z" finished-at="2018-09-22T14:10:28Z">
          <reporter-output>
          </reporter-output>
        </test-method> <!-- QuarcMobile_Patients -->
      </class> <!-- com.quovantis.quarcmobile.testcases.M_Patients -->
      <class name="com.quovantis.quarcmobile.testcases.M_Directory">
        <test-method status="PASS" signature="QuarcMobile_Directory()[pri:0, instance:com.quovantis.quarcmobile.testcases.M_Directory@7cbd213e]" name="QuarcMobile_Directory" duration-ms="33691" started-at="2018-09-22T14:09:49Z" finished-at="2018-09-22T14:10:22Z">
          <reporter-output>
          </reporter-output>
        </test-method> <!-- QuarcMobile_Directory -->
      </class> <!-- com.quovantis.quarcmobile.testcases.M_Directory -->
    </test> <!-- xyz -->
  </suite> <!-- Suite1 -->
</testng-results>
