<?xml version="1.0" encoding="UTF-8"?>
<!-- Generated by org.testng.reporters.JUnitXMLReporter -->
<testsuite hostname="Amanm-L" ignored="15" name="xyz" tests="6" failures="2" timestamp="22 Sep 2018 08:40:58 GMT" time="194.54" errors="0">
  <testcase name="QuarcMobile_Login" time="56.28" classname="com.quovantis.quarcmobile.testcases.M_Login"/>
  <testcase name="QuarcMobile_CreatePIN" time="11.956" classname="com.quovantis.quarcmobile.testcases.M_CreatePIN"/>
  <testcase name="QuarcMobile_Messages" time="20.151" classname="com.quovantis.quarcmobile.testcases.M_Messages">
    <failure type="org.openqa.selenium.NoSuchElementException" message="An element could not be located on the page using the given search parameters.
For documentation on this error, please visit: http://seleniumhq.org/exceptions/no_such_element.html
Build info: version: &amp;apos;3.12.0&amp;apos;, revision: &amp;apos;7c6e0b3&amp;apos;, time: &amp;apos;2018-05-08T14:04:26.12Z&amp;apos;
System info: host: &amp;apos;AMANM-L&amp;apos;, ip: &amp;apos;192.168.0.32&amp;apos;, os.name: &amp;apos;Windows 8.1&amp;apos;, os.arch: &amp;apos;amd64&amp;apos;, os.version: &amp;apos;6.3&amp;apos;, java.version: &amp;apos;1.8.0_144&amp;apos;
Driver info: io.appium.java_client.android.AndroidDriver
Capabilities {appActivity: md559757f7a6ca97240271b03e7..., appPackage: medarchon.quarc.messaging.a..., databaseEnabled: false, desired: {appActivity: md559757f7a6ca97240271b03e7..., appPackage: medarchon.quarc.messaging.a..., deviceName: Quarc_Android, platformName: android, version: 7.1.1}, deviceManufacturer: Google, deviceModel: Android SDK built for x86, deviceName: emulator-5554, deviceScreenSize: 1080x1920, deviceUDID: emulator-5554, javascriptEnabled: true, locationContextEnabled: false, networkConnectionEnabled: true, platform: LINUX, platformName: LINUX, platformVersion: 7.1.1, takesScreenshot: true, version: 7.1.1, warnings: {}, webStorageEnabled: false}
Session ID: 2135755e-19e3-4541-aea6-ea726597f954
*** Element info: {Using=xpath, value=//android.widget.TextView[@text=&amp;apos;Edit&amp;apos;]}">
      <![CDATA[org.openqa.selenium.NoSuchElementException: An element could not be located on the page using the given search parameters.For documentation on this error, please visit: http://seleniumhq.org/exceptions/no_such_element.htmlBuild info: version: '3.12.0', revision: '7c6e0b3', time: '2018-05-08T14:04:26.12Z'System info: host: 'AMANM-L', ip: '192.168.0.32', os.name: 'Windows 8.1', os.arch: 'amd64', os.version: '6.3', java.version: '1.8.0_144'Driver info: io.appium.java_client.android.AndroidDriverCapabilities {appActivity: md559757f7a6ca97240271b03e7..., appPackage: medarchon.quarc.messaging.a..., databaseEnabled: false, desired: {appActivity: md559757f7a6ca97240271b03e7..., appPackage: medarchon.quarc.messaging.a..., deviceName: Quarc_Android, platformName: android, version: 7.1.1}, deviceManufacturer: Google, deviceModel: Android SDK built for x86, deviceName: emulator-5554, deviceScreenSize: 1080x1920, deviceUDID: emulator-5554, javascriptEnabled: true, locationContextEnabled: false, networkConnectionEnabled: true, platform: LINUX, platformName: LINUX, platformVersion: 7.1.1, takesScreenshot: true, version: 7.1.1, warnings: {}, webStorageEnabled: false}Session ID: 2135755e-19e3-4541-aea6-ea726597f954*** Element info: {Using=xpath, value=//android.widget.TextView[@text='Edit']}at org.openqa.selenium.remote.http.W3CHttpResponseCodec.createException(W3CHttpResponseCodec.java:187)at org.openqa.selenium.remote.http.W3CHttpResponseCodec.decode(W3CHttpResponseCodec.java:122)at org.openqa.selenium.remote.http.W3CHttpResponseCodec.decode(W3CHttpResponseCodec.java:49)at org.openqa.selenium.remote.HttpCommandExecutor.execute(HttpCommandExecutor.java:158)at io.appium.java_client.remote.AppiumCommandExecutor.execute(AppiumCommandExecutor.java:218)at org.openqa.selenium.remote.RemoteWebDriver.execute(RemoteWebDriver.java:543)at io.appium.java_client.DefaultGenericMobileDriver.execute(DefaultGenericMobileDriver.java:42)at io.appium.java_client.AppiumDriver.execute(AppiumDriver.java:1)at io.appium.java_client.android.AndroidDriver.execute(AndroidDriver.java:1)at org.openqa.selenium.remote.RemoteWebDriver.findElement(RemoteWebDriver.java:317)at io.appium.java_client.DefaultGenericMobileDriver.findElement(DefaultGenericMobileDriver.java:62)at io.appium.java_client.AppiumDriver.findElement(AppiumDriver.java:1)at io.appium.java_client.android.AndroidDriver.findElement(AndroidDriver.java:1)at org.openqa.selenium.remote.RemoteWebDriver.findElementByXPath(RemoteWebDriver.java:419)at io.appium.java_client.DefaultGenericMobileDriver.findElementByXPath(DefaultGenericMobileDriver.java:152)at io.appium.java_client.AppiumDriver.findElementByXPath(AppiumDriver.java:1)at io.appium.java_client.android.AndroidDriver.findElementByXPath(AndroidDriver.java:1)at org.openqa.selenium.By$ByXPath.findElement(By.java:353)at org.openqa.selenium.remote.RemoteWebDriver.findElement(RemoteWebDriver.java:309)at io.appium.java_client.DefaultGenericMobileDriver.findElement(DefaultGenericMobileDriver.java:58)at io.appium.java_client.AppiumDriver.findElement(AppiumDriver.java:1)at io.appium.java_client.android.AndroidDriver.findElement(AndroidDriver.java:1)at org.openqa.selenium.support.pagefactory.DefaultElementLocator.findElement(DefaultElementLocator.java:69)at org.openqa.selenium.support.pagefactory.internal.LocatingElementHandler.invoke(LocatingElementHandler.java:38)at com.sun.proxy.$Proxy10.click(Unknown Source)at com.quovantis.quarcmobile.pagemodules.M_Messages_Modules.validateEditMessage(M_Messages_Modules.java:40)at com.quovantis.quarcmobile.testcases.M_Messages.QuarcMobile_Messages(M_Messages.java:17)... Removed 29 stack frames]]>
    </failure>
  </testcase> <!-- QuarcMobile_Messages -->
  <testcase name="QuarcMobile_Directory" time="33.691" classname="com.quovantis.quarcmobile.testcases.M_Directory"/>
  <testcase name="QuarcMobile_Patients" time="5.304" classname="com.quovantis.quarcmobile.testcases.M_Patients"/>
  <testcase name="QuarcMobile_Preferences" time="30.181" classname="com.quovantis.quarcmobile.testcases.M_Preferences">
    <failure type="org.openqa.selenium.NoSuchElementException" message="An element could not be located on the page using the given search parameters.
For documentation on this error, please visit: http://seleniumhq.org/exceptions/no_such_element.html
Build info: version: &amp;apos;3.12.0&amp;apos;, revision: &amp;apos;7c6e0b3&amp;apos;, time: &amp;apos;2018-05-08T14:04:26.12Z&amp;apos;
System info: host: &amp;apos;AMANM-L&amp;apos;, ip: &amp;apos;192.168.0.32&amp;apos;, os.name: &amp;apos;Windows 8.1&amp;apos;, os.arch: &amp;apos;amd64&amp;apos;, os.version: &amp;apos;6.3&amp;apos;, java.version: &amp;apos;1.8.0_144&amp;apos;
Driver info: io.appium.java_client.android.AndroidDriver
Capabilities {appActivity: md559757f7a6ca97240271b03e7..., appPackage: medarchon.quarc.messaging.a..., databaseEnabled: false, desired: {appActivity: md559757f7a6ca97240271b03e7..., appPackage: medarchon.quarc.messaging.a..., deviceName: Quarc_Android, platformName: android, version: 7.1.1}, deviceManufacturer: Google, deviceModel: Android SDK built for x86, deviceName: emulator-5554, deviceScreenSize: 1080x1920, deviceUDID: emulator-5554, javascriptEnabled: true, locationContextEnabled: false, networkConnectionEnabled: true, platform: LINUX, platformName: LINUX, platformVersion: 7.1.1, takesScreenshot: true, version: 7.1.1, warnings: {}, webStorageEnabled: false}
Session ID: 2135755e-19e3-4541-aea6-ea726597f954
*** Element info: {Using=xpath, value=//android.widget.Button[@text=&amp;apos;Log out&amp;apos;]}">
      <![CDATA[org.openqa.selenium.NoSuchElementException: An element could not be located on the page using the given search parameters.For documentation on this error, please visit: http://seleniumhq.org/exceptions/no_such_element.htmlBuild info: version: '3.12.0', revision: '7c6e0b3', time: '2018-05-08T14:04:26.12Z'System info: host: 'AMANM-L', ip: '192.168.0.32', os.name: 'Windows 8.1', os.arch: 'amd64', os.version: '6.3', java.version: '1.8.0_144'Driver info: io.appium.java_client.android.AndroidDriverCapabilities {appActivity: md559757f7a6ca97240271b03e7..., appPackage: medarchon.quarc.messaging.a..., databaseEnabled: false, desired: {appActivity: md559757f7a6ca97240271b03e7..., appPackage: medarchon.quarc.messaging.a..., deviceName: Quarc_Android, platformName: android, version: 7.1.1}, deviceManufacturer: Google, deviceModel: Android SDK built for x86, deviceName: emulator-5554, deviceScreenSize: 1080x1920, deviceUDID: emulator-5554, javascriptEnabled: true, locationContextEnabled: false, networkConnectionEnabled: true, platform: LINUX, platformName: LINUX, platformVersion: 7.1.1, takesScreenshot: true, version: 7.1.1, warnings: {}, webStorageEnabled: false}Session ID: 2135755e-19e3-4541-aea6-ea726597f954*** Element info: {Using=xpath, value=//android.widget.Button[@text='Log out']}at org.openqa.selenium.remote.http.W3CHttpResponseCodec.createException(W3CHttpResponseCodec.java:187)at org.openqa.selenium.remote.http.W3CHttpResponseCodec.decode(W3CHttpResponseCodec.java:122)at org.openqa.selenium.remote.http.W3CHttpResponseCodec.decode(W3CHttpResponseCodec.java:49)at org.openqa.selenium.remote.HttpCommandExecutor.execute(HttpCommandExecutor.java:158)at io.appium.java_client.remote.AppiumCommandExecutor.execute(AppiumCommandExecutor.java:218)at org.openqa.selenium.remote.RemoteWebDriver.execute(RemoteWebDriver.java:543)at io.appium.java_client.DefaultGenericMobileDriver.execute(DefaultGenericMobileDriver.java:42)at io.appium.java_client.AppiumDriver.execute(AppiumDriver.java:1)at io.appium.java_client.android.AndroidDriver.execute(AndroidDriver.java:1)at org.openqa.selenium.remote.RemoteWebDriver.findElement(RemoteWebDriver.java:317)at io.appium.java_client.DefaultGenericMobileDriver.findElement(DefaultGenericMobileDriver.java:62)at io.appium.java_client.AppiumDriver.findElement(AppiumDriver.java:1)at io.appium.java_client.android.AndroidDriver.findElement(AndroidDriver.java:1)at org.openqa.selenium.remote.RemoteWebDriver.findElementByXPath(RemoteWebDriver.java:419)at io.appium.java_client.DefaultGenericMobileDriver.findElementByXPath(DefaultGenericMobileDriver.java:152)at io.appium.java_client.AppiumDriver.findElementByXPath(AppiumDriver.java:1)at io.appium.java_client.android.AndroidDriver.findElementByXPath(AndroidDriver.java:1)at org.openqa.selenium.By$ByXPath.findElement(By.java:353)at org.openqa.selenium.remote.RemoteWebDriver.findElement(RemoteWebDriver.java:309)at io.appium.java_client.DefaultGenericMobileDriver.findElement(DefaultGenericMobileDriver.java:58)at io.appium.java_client.AppiumDriver.findElement(AppiumDriver.java:1)at io.appium.java_client.android.AndroidDriver.findElement(AndroidDriver.java:1)at org.openqa.selenium.support.pagefactory.DefaultElementLocator.findElement(DefaultElementLocator.java:69)at org.openqa.selenium.support.pagefactory.internal.LocatingElementHandler.invoke(LocatingElementHandler.java:38)at com.sun.proxy.$Proxy10.getText(Unknown Source)at com.quovantis.quarcmobile.pagemodules.M_Preferences_Modules.validatePreferences(M_Preferences_Modules.java:92)at com.quovantis.quarcmobile.testcases.M_Preferences.QuarcMobile_Preferences(M_Preferences.java:17)... Removed 29 stack frames]]>
    </failure>
  </testcase> <!-- QuarcMobile_Preferences -->
  <testcase name="@BeforeTest beforeCallingAnyTestCase" time="0.0" classname="com.quovantis.quarcmobile.testbase.Base_Final">
    <ignored/>
  </testcase> <!-- @BeforeTest beforeCallingAnyTestCase -->
  <testcase name="@BeforeTest beforeCallingAnyTestCase" time="0.0" classname="com.quovantis.quarcmobile.testbase.Base_Final">
    <ignored/>
  </testcase> <!-- @BeforeTest beforeCallingAnyTestCase -->
  <testcase name="@BeforeTest beforeCallingAnyTestCase" time="0.0" classname="com.quovantis.quarcmobile.testbase.Base_Final">
    <ignored/>
  </testcase> <!-- @BeforeTest beforeCallingAnyTestCase -->
  <testcase name="@BeforeTest beforeCallingAnyTestCase" time="0.0" classname="com.quovantis.quarcmobile.testbase.Base_Final">
    <ignored/>
  </testcase> <!-- @BeforeTest beforeCallingAnyTestCase -->
  <testcase name="@BeforeTest beforeCallingAnyTestCase" time="0.0" classname="com.quovantis.quarcmobile.testbase.Base_Final">
    <ignored/>
  </testcase> <!-- @BeforeTest beforeCallingAnyTestCase -->
  <testcase name="@AfterTest af" time="0.0" classname="com.quovantis.quarcmobile.testbase.Base_Final">
    <ignored/>
  </testcase> <!-- @AfterTest af -->
  <testcase name="@AfterTest af" time="0.0" classname="com.quovantis.quarcmobile.testbase.Base_Final">
    <ignored/>
  </testcase> <!-- @AfterTest af -->
  <testcase name="@AfterTest af" time="0.0" classname="com.quovantis.quarcmobile.testbase.Base_Final">
    <ignored/>
  </testcase> <!-- @AfterTest af -->
  <testcase name="@AfterTest af" time="0.0" classname="com.quovantis.quarcmobile.testbase.Base_Final">
    <ignored/>
  </testcase> <!-- @AfterTest af -->
  <testcase name="@AfterTest af" time="0.0" classname="com.quovantis.quarcmobile.testbase.Base_Final">
    <ignored/>
  </testcase> <!-- @AfterTest af -->
  <testcase name="@BeforeSuite report_method" time="0.0" classname="com.quovantis.quarcmobile.testbase.Base_Final">
    <ignored/>
  </testcase> <!-- @BeforeSuite report_method -->
  <testcase name="@BeforeSuite report_method" time="0.0" classname="com.quovantis.quarcmobile.testbase.Base_Final">
    <ignored/>
  </testcase> <!-- @BeforeSuite report_method -->
  <testcase name="@BeforeSuite report_method" time="0.0" classname="com.quovantis.quarcmobile.testbase.Base_Final">
    <ignored/>
  </testcase> <!-- @BeforeSuite report_method -->
  <testcase name="@BeforeSuite report_method" time="0.0" classname="com.quovantis.quarcmobile.testbase.Base_Final">
    <ignored/>
  </testcase> <!-- @BeforeSuite report_method -->
  <testcase name="@BeforeSuite report_method" time="0.0" classname="com.quovantis.quarcmobile.testbase.Base_Final">
    <ignored/>
  </testcase> <!-- @BeforeSuite report_method -->
</testsuite> <!-- xyz -->
